Warning[207] C:\USERS\MICHA\DOCUMENTS\AER201\AER201\AER201.X\MAIN.ASM 273 : Found label after column 1. (MainLoop)
Warning[207] C:\USERS\MICHA\DOCUMENTS\AER201\AER201\AER201.X\MAIN.ASM 634 : Found label after column 1. (scrollLoop)
Warning[207] C:\USERS\MICHA\DOCUMENTS\AER201\AER201\AER201.X\MAIN.ASM 665 : Found label after column 1. (QuitButtonJustPressed)
Warning[207] C:\USERS\MICHA\DOCUMENTS\AER201\AER201\AER201.X\MAIN.ASM 693 : Found label after column 1. (EndIfQuit)
Warning[207] C:\USERS\MICHA\DOCUMENTS\AER201\AER201\AER201.X\MAIN.ASM 698 : Found label after column 1. (QuitOneForLoop)
Warning[207] C:\USERS\MICHA\DOCUMENTS\AER201\AER201\AER201.X\MAIN.ASM 708 : Found label after column 1. (QuitTwoForLoop)
Warning[207] C:\USERS\MICHA\DOCUMENTS\AER201\AER201\AER201.X\MAIN.ASM 726 : Found label after column 1. (RightButtonJustPressed)
Warning[207] C:\USERS\MICHA\DOCUMENTS\AER201\AER201\AER201.X\MAIN.ASM 743 : Found label after column 1. (EndIfScrollRight)
Warning[207] C:\USERS\MICHA\DOCUMENTS\AER201\AER201\AER201.X\MAIN.ASM 757 : Found label after column 1. (LeftButtonJustPressed)
Warning[207] C:\USERS\MICHA\DOCUMENTS\AER201\AER201\AER201.X\MAIN.ASM 774 : Found label after column 1. (EndIfScrollLeft)
Warning[207] C:\USERS\MICHA\DOCUMENTS\AER201\AER201\AER201.X\MAIN.ASM 791 : Found label after column 1. (SelectButtonJustPressed)
Warning[207] C:\USERS\MICHA\DOCUMENTS\AER201\AER201\AER201.X\MAIN.ASM 804 : Found label after column 1. (EndIfEnter)
Warning[207] C:\USERS\MICHA\DOCUMENTS\AER201\AER201\AER201.X\MAIN.ASM 824 : Found label after column 1. (EnterOneForLoop)
Warning[207] C:\USERS\MICHA\DOCUMENTS\AER201\AER201\AER201.X\MAIN.ASM 834 : Found label after column 1. (EnterTwoForLoop)
Warning[207] C:\USERS\MICHA\DOCUMENTS\AER201\AER201\AER201.X\MAIN.ASM 852 : Found label after column 1. (hundloop)
Warning[207] C:\USERS\MICHA\DOCUMENTS\AER201\AER201\AER201.X\MAIN.ASM 862 : Found label after column 1. (tenloop)
Warning[207] C:\USERS\MICHA\DOCUMENTS\AER201\AER201\AER201.X\MAIN.ASM 870 : Found label after column 1. (oneloop)
Warning[207] C:\USERS\MICHA\DOCUMENTS\AER201\AER201\AER201.X\MAIN.ASM 896 : Found label after column 1. (Tens)
Warning[207] C:\USERS\MICHA\DOCUMENTS\AER201\AER201\AER201.X\MAIN.ASM 907 : Found label after column 1. (Huns)
Warning[207] C:\USERS\MICHA\DOCUMENTS\AER201\AER201\AER201.X\MAIN.ASM 992 : Found label after column 1. (Loop16LCD)
Warning[207] C:\USERS\MICHA\DOCUMENTS\AER201\AER201\AER201.X\MAIN.ASM 1037 : Found label after column 1. (Delay5msLoop)
Warning[207] C:\USERS\MICHA\DOCUMENTS\AER201\AER201\AER201.X\MAIN.ASM 1053 : Found label after column 1. (Delay44usLoop)
Warning[207] C:\USERS\MICHA\DOCUMENTS\AER201\AER201\AER201.X\MAIN.ASM 1067 : Found label after column 1. (Delay500msDelayLoop)
